Using pre-set license

 COMMAND LINE ARGUMENTS:
/Applications/Unity/2020.3.2f1/Unity.app/Contents/MacOS/Unity
-adb2
-batchMode
-noUpm
-name
AssetImportWorker0
-projectPath
/Users/xandergusarov/Desktop/Новая папка
-logFile
Logs/AssetImportWorker0.log
-srvPort
54036
Successfully changed project path to: /Users/xandergusarov/Desktop/Новая папка
/Users/xandergusarov/Desktop/Новая папка
Using Asset Import Pipeline V2.
Refreshing native plugins compatible for Editor in 32.26 ms, found 2 plugins.
Preloading 0 native plugins for Editor in 0.00 ms.
Initialize engine version: 2020.3.2f1 (8fd9074bf66c)
[Subsystems] Discovering subsystems at path /Applications/Unity/2020.3.2f1/Unity.app/Contents/Resources/UnitySubsystems
[Subsystems] Discovering subsystems at path /Users/xandergusarov/Desktop/Новая папка/Assets
GfxDevice: creating device client; threaded=0
2021-04-12 21:34:10.213 Unity[6016:116007] (null) preferred device: Apple M1 (high power)
2021-04-12 21:34:10.213 Unity[6016:116007] Metal devices available: 1
2021-04-12 21:34:10.213 Unity[6016:116007] 0: Apple M1 (high power)
2021-04-12 21:34:10.213 Unity[6016:116007] Using device Apple M1 (high power)
Initializing Metal device caps: Apple M1
Initialize mono
Mono path[0] = '/Applications/Unity/2020.3.2f1/Unity.app/Contents/Managed'
Mono path[1] = '/Applications/Unity/2020.3.2f1/Unity.app/Contents/MonoBleedingEdge/lib/mono/unityjit'
Mono config path = '/Applications/Unity/2020.3.2f1/Unity.app/Contents/MonoBleedingEdge/etc'
Using monoOptions --debugger-agent=transport=dt_socket,embedding=1,server=y,suspend=n,address=127.0.0.1:56016
Begin MonoManager ReloadAssembly
Registering precompiled unity dll's ...
Register platform support module: /Applications/Unity/2020.3.2f1/PlaybackEngines/WebGLSupport/UnityEditor.WebGL.Extensions.dll
Register platform support module: /Applications/Unity/2020.3.2f1/Unity.app/Contents/PlaybackEngines/MacStandaloneSupport/UnityEditor.OSXStandalone.Extensions.dll
Register platform support module: /Applications/Unity/2020.3.2f1/PlaybackEngines/WindowsStandaloneSupport/UnityEditor.WindowsStandalone.Extensions.dll
Registered in 0.000520 seconds.
Native extension for WindowsStandalone target not found
Native extension for OSXStandalone target not found
Native extension for WebGL target not found
Refreshing native plugins compatible for Editor in 32.98 ms, found 2 plugins.
Preloading 0 native plugins for Editor in 0.00 ms.
Invoked RoslynAnalysisRunner static constructor.
RoslynAnalysisRunner will not be running.
RoslynAnalysisRunner has terminated.
Mono: successfully reloaded assembly
- Completed reload, in  2.592 seconds
Platform modules already initialized, skipping
Registering precompiled user dll's ...
Registered in 0.000343 seconds.
Begin MonoManager ReloadAssembly
Native extension for WindowsStandalone target not found
Native extension for OSXStandalone target not found
Native extension for WebGL target not found
Refreshing native plugins compatible for Editor in 32.40 ms, found 2 plugins.
Preloading 0 native plugins for Editor in 0.00 ms.
Invoked RoslynAnalysisRunner static constructor.
RoslynAnalysisRunner will not be running.
RoslynAnalysisRunner has terminated.
Mono: successfully reloaded assembly
- Completed reload, in  1.767 seconds
Platform modules already initialized, skipping
========================================================================
Worker process is ready to serve import requests
Launching external process: /Applications/Unity/2020.3.2f1/Unity.app/Contents/Tools/UnityShaderCompiler
Launched and connected shader compiler UnityShaderCompiler after 0.03 seconds
Refreshing native plugins compatible for Editor in 0.31 ms, found 2 plugins.
Preloading 0 native plugins for Editor in 0.00 ms.
Unloading 1827 Unused Serialized files (Serialized files now loaded: 0)
System memory in use before: 149.6 MB.
System memory in use after: 149.7 MB.

Unloading 19 unused Assets to reduce memory usage. Loaded Objects now: 2276.
Total: 1.534583 ms (FindLiveObjects: 0.145667 ms CreateObjectMapping: 0.037208 ms MarkObjects: 1.290583 ms  DeleteObjects: 0.060250 ms)

========================================================================
Received Import Request.
  path: Assets/LocPanelBehaviour.cs
  artifactKey: Guid(689e9709dc136c74589fb4a19d8dba49) Importer(815301076,1909f56bfc062723c751e8b465ee728b)
Start importing Assets/LocPanelBehaviour.cs using Guid(689e9709dc136c74589fb4a19d8dba49) Importer(815301076,1909f56bfc062723c751e8b465ee728b)  -> (artifact id: 'f027e829372ec43ef6774e3413421f43') in 0.218168 seconds
  Import took 0.220702 seconds .

